<?xml version="1.0" encoding="UTF-8"?>
<!-- Generated by org.testng.reporters.JUnitReportReporter -->
<testsuite hostname="AlterEgo" failures="0" tests="2" name="yess.Errorvalidations" time="14.185" errors="0" timestamp="2024-03-21T09:08:52 IST" skipped="0">
  <testcase classname="yess.Errorvalidations" name="Errorvalidation" time="5.292"/>
  <system-out/>
  <testcase classname="yess.Errorvalidations" name="productvalidation" time="8.893"/>
  <system-out/>
</testsuite> <!-- yess.Errorvalidations -->
